{"timestamp":"2026-05-19T08:44:45.680Z","event":"next_question","sessionId":1,"answeredCount":11,"theta":-0.8756033280558911,"cefr":"B1","questionId":152,"difficulty":-0.89,"skill":"grammar","type":"multiple_choice"}
{"timestamp":"2026-05-19T08:44:59.870Z","event":"answer_submitted","sessionId":1,"publicSessionId":"sess_d63387d003c8","publicUserId":"user_932f689fd9a0","questionId":152,"selectedOptionId":608,"correctOptionId":606,"isCorrect":false,"thetaBefore":-0.8756033280558911,"thetaAfter":-1.0518630150937442,"cefrAfter":"A2","difficulty":-0.89,"skill":"grammar","type":"multiple_choice"}
{"timestamp":"2026-05-19T08:45:00.945Z","event":"next_question","sessionId":1,"answeredCount":12,"theta":-1.0518630150937442,"cefr":"A2","questionId":145,"difficulty":-1.05,"skill":"collocation","type":"multiple_choice"}
{"timestamp":"2026-05-19T08:45:03.605Z","event":"answer_submitted","sessionId":1,"publicSessionId":"sess_d63387d003c8","publicUserId":"user_932f689fd9a0","questionId":145,"selectedOptionId":578,"correctOptionId":579,"isCorrect":false,"thetaBefore":-1.0518630150937442,"thetaAfter":-1.226700001320191,"cefrAfter":"A2","difficulty":-1.05,"skill":"collocation","type":"multiple_choice"}
{"timestamp":"2026-05-19T08:45:04.689Z","event":"next_question","sessionId":1,"answeredCount":13,"theta":-1.226700001320191,"cefr":"A2","questionId":129,"difficulty":-1.23,"skill":"grammar","type":"multiple_choice"}
{"timestamp":"2026-05-19T09:26:12.318Z","event":"next_question","sessionId":1,"answeredCount":0,"theta":-1.226700001320191,"cefr":"A2","questionId":451,"difficulty":0,"skill":"reading","type":"multiple_choice"}
{"timestamp":"2026-05-19T09:26:39.432Z","event":"answer_submitted","sessionId":1,"publicSessionId":"sess_d63387d003c8","publicUserId":"user_932f689fd9a0","questionId":451,"selectedOptionId":1801,"correctOptionId":1801,"isCorrect":true,"thetaBefore":-1.226700001320191,"thetaAfter":-0.9560658349046902,"cefrAfter":"B1","difficulty":0,"skill":"reading","type":"multiple_choice"}
{"timestamp":"2026-05-19T09:26:40.502Z","event":"next_question","sessionId":1,"answeredCount":1,"theta":-0.9560658349046902,"cefr":"B1","questionId":452,"difficulty":0,"skill":"reading","type":"multiple_choice"}
{"timestamp":"2026-05-19T09:26:46.403Z","event":"answer_submitted","sessionId":1,"publicSessionId":"sess_d63387d003c8","publicUserId":"user_932f689fd9a0","questionId":452,"selectedOptionId":1805,"correctOptionId":1805,"isCorrect":true,"thetaBefore":-0.9560658349046902,"thetaAfter":-0.703249134856047,"cefrAfter":"B1","difficulty":0,"skill":"reading","type":"multiple_choice"}
{"timestamp":"2026-05-19T09:26:47.470Z","event":"next_question","sessionId":1,"answeredCount":2,"theta":-0.703249134856047,"cefr":"B1","questionId":453,"difficulty":0,"skill":"reading","type":"multiple_choice"}
{"timestamp":"2026-05-19T09:36:37.572Z","event":"answer_submitted","sessionId":1,"publicSessionId":"sess_d63387d003c8","publicUserId":"user_932f689fd9a0","questionId":453,"selectedOptionId":1807,"correctOptionId":1807,"isCorrect":true,"thetaBefore":-0.703249134856047,"thetaAfter":-0.46913142126572316,"cefrAfter":"B1","difficulty":0,"skill":"reading","type":"multiple_choice"}
{"timestamp":"2026-05-19T09:36:38.931Z","event":"next_question","sessionId":1,"answeredCount":3,"theta":-0.46913142126572316,"cefr":"B1","questionId":454,"difficulty":0,"skill":"reading","type":"multiple_choice"}
{"timestamp":"2026-05-19T09:36:42.952Z","event":"answer_submitted","sessionId":1,"publicSessionId":"sess_d63387d003c8","publicUserId":"user_932f689fd9a0","questionId":454,"selectedOptionId":1811,"correctOptionId":1812,"isCorrect":false,"thetaBefore":-0.46913142126572316,"thetaAfter":-0.6038190670643515,"cefrAfter":"B1","difficulty":0,"skill":"reading","type":"multiple_choice"}
{"timestamp":"2026-05-19T09:36:44.294Z","event":"next_question","sessionId":1,"answeredCount":4,"theta":-0.6038190670643515,"cefr":"B1","questionId":455,"difficulty":0,"skill":"reading","type":"multiple_choice"}
{"timestamp":"2026-05-19T09:37:29.965Z","event":"next_question","sessionId":1,"answeredCount":4,"theta":-0.6038190670643515,"cefr":"B1","questionId":455,"difficulty":0,"skill":"reading","type":"multiple_choice"}
{"timestamp":"2026-05-19T10:43:03.369Z","event":"next_question","sessionId":1,"answeredCount":0,"theta":-0.6038190670643515,"cefr":"B1","questionId":856,"difficulty":0,"skill":"reading","type":"multiple_choice"}
{"timestamp":"2026-05-19T10:43:06.859Z","event":"answer_submitted","sessionId":1,"publicSessionId":"sess_d63387d003c8","publicUserId":"user_932f689fd9a0","questionId":856,"selectedOptionId":3126,"correctOptionId":3124,"isCorrect":false,"thetaBefore":-0.6038190670643515,"thetaAfter":-0.7275337204500755,"cefrAfter":"B1","difficulty":0,"skill":"reading","type":"multiple_choice"}
{"timestamp":"2026-05-19T10:43:08.217Z","event":"next_question","sessionId":1,"answeredCount":1,"theta":-0.7275337204500755,"cefr":"B1","questionId":857,"difficulty":0,"skill":"reading","type":"multiple_choice"}
{"timestamp":"2026-05-19T10:43:11.038Z","event":"answer_submitted","sessionId":1,"publicSessionId":"sess_d63387d003c8","publicUserId":"user_932f689fd9a0","questionId":857,"selectedOptionId":3127,"correctOptionId":3128,"isCorrect":false,"thetaBefore":-0.7275337204500755,"thetaAfter":-0.8415413794739683,"cefrAfter":"B1","difficulty":0,"skill":"reading","type":"multiple_choice"}
{"timestamp":"2026-05-19T10:43:12.260Z","event":"next_question","sessionId":1,"answeredCount":2,"theta":-0.8415413794739683,"cefr":"B1","questionId":858,"difficulty":0,"skill":"reading","type":"multiple_choice"}
{"timestamp":"2026-05-19T10:45:06.480Z","event":"answer_submitted","sessionId":1,"publicSessionId":"sess_d63387d003c8","publicUserId":"user_932f689fd9a0","questionId":858,"selectedOptionId":3130,"correctOptionId":3130,"isCorrect":true,"thetaBefore":-0.8415413794739683,"thetaAfter":-0.5969649673264643,"cefrAfter":"B1","difficulty":0,"skill":"reading","type":"multiple_choice"}
{"timestamp":"2026-05-19T10:45:07.957Z","event":"next_question","sessionId":1,"answeredCount":3,"theta":-0.5969649673264643,"cefr":"B1","questionId":859,"difficulty":0,"skill":"reading","type":"multiple_choice"}
{"timestamp":"2026-05-19T10:45:12.713Z","event":"answer_submitted","sessionId":1,"publicSessionId":"sess_d63387d003c8","publicUserId":"user_932f689fd9a0","questionId":859,"selectedOptionId":3135,"correctOptionId":3135,"isCorrect":true,"thetaBefore":-0.5969649673264643,"thetaAfter":-0.3712283961200621,"cefrAfter":"B1","difficulty":0,"skill":"reading","type":"multiple_choice"}
{"timestamp":"2026-05-19T10:45:14.160Z","event":"next_question","sessionId":1,"answeredCount":4,"theta":-0.3712283961200621,"cefr":"B1","questionId":860,"difficulty":0,"skill":"reading","type":"multiple_choice"}
{"timestamp":"2026-05-19T10:45:18.390Z","event":"answer_submitted","sessionId":1,"publicSessionId":"sess_d63387d003c8","publicUserId":"user_932f689fd9a0","questionId":860,"selectedOptionId":3137,"correctOptionId":3137,"isCorrect":true,"thetaBefore":-0.3712283961200621,"thetaAfter":-0.16411387701845714,"cefrAfter":"B1","difficulty":0,"skill":"reading","type":"multiple_choice"}
{"timestamp":"2026-05-19T10:45:19.847Z","event":"next_question","sessionId":1,"answeredCount":5,"theta":-0.16411387701845714,"cefr":"B1","questionId":861,"difficulty":0,"skill":"reading","type":"multiple_choice"}
{"timestamp":"2026-05-19T10:45:23.243Z","event":"answer_submitted","sessionId":1,"publicSessionId":"sess_d63387d003c8","publicUserId":"user_932f689fd9a0","questionId":861,"selectedOptionId":3141,"correctOptionId":3141,"isCorrect":true,"thetaBefore":-0.16411387701845714,"thetaAfter":0.025213943612025502,"cefrAfter":"B1","difficulty":0,"skill":"reading","type":"multiple_choice"}
{"timestamp":"2026-05-19T10:45:24.687Z","event":"next_question","sessionId":1,"answeredCount":6,"theta":0.025213943612025502,"cefr":"B1","questionId":862,"difficulty":0,"skill":"reading","type":"multiple_choice"}
{"timestamp":"2026-05-19T10:45:28.270Z","event":"answer_submitted","sessionId":1,"publicSessionId":"sess_d63387d003c8","publicUserId":"user_932f689fd9a0","questionId":862,"selectedOptionId":3143,"correctOptionId":3143,"isCorrect":true,"thetaBefore":0.025213943612025502,"thetaAfter":0.1980078404209479,"cefrAfter":"B1","difficulty":0,"skill":"reading","type":"multiple_choice"}
{"timestamp":"2026-05-19T10:45:29.741Z","event":"next_question","sessionId":1,"answeredCount":7,"theta":0.1980078404209479,"cefr":"B1","questionId":863,"difficulty":0,"skill":"reading","type":"multiple_choice"}
{"timestamp":"2026-05-19T10:45:33.401Z","event":"answer_submitted","sessionId":1,"publicSessionId":"sess_d63387d003c8","publicUserId":"user_932f689fd9a0","questionId":863,"selectedOptionId":3145,"correctOptionId":3145,"isCorrect":true,"thetaBefore":0.1980078404209479,"thetaAfter":0.3557385408186572,"cefrAfter":"B1","difficulty":0,"skill":"reading","type":"multiple_choice"}
{"timestamp":"2026-05-19T10:45:34.972Z","event":"next_question","sessionId":1,"answeredCount":8,"theta":0.3557385408186572,"cefr":"B1","questionId":864,"difficulty":0,"skill":"reading","type":"multiple_choice"}
{"timestamp":"2026-05-19T10:45:38.712Z","event":"answer_submitted","sessionId":1,"publicSessionId":"sess_d63387d003c8","publicUserId":"user_932f689fd9a0","questionId":864,"selectedOptionId":3148,"correctOptionId":3148,"isCorrect":true,"thetaBefore":0.3557385408186572,"thetaAfter":0.49993557808670885,"cefrAfter":"B1","difficulty":0,"skill":"reading","type":"multiple_choice"}
{"timestamp":"2026-05-19T10:45:40.163Z","event":"next_question","sessionId":1,"answeredCount":9,"theta":0.49993557808670885,"cefr":"B1","questionId":865,"difficulty":0,"skill":"reading","type":"multiple_choice"}
{"timestamp":"2026-05-19T10:45:45.037Z","event":"answer_submitted","sessionId":1,"publicSessionId":"sess_d63387d003c8","publicUserId":"user_932f689fd9a0","questionId":865,"selectedOptionId":3153,"correctOptionId":3153,"isCorrect":true,"thetaBefore":0.49993557808670885,"thetaAfter":0.6320801109939304,"cefrAfter":"B2","difficulty":0,"skill":"reading","type":"multiple_choice"}
{"timestamp":"2026-05-19T10:45:46.481Z","event":"next_question","sessionId":1,"answeredCount":10,"theta":0.6320801109939304,"cefr":"B2","questionId":866,"difficulty":0,"skill":"reading","type":"multiple_choice"}
{"timestamp":"2026-05-19T10:45:49.808Z","event":"answer_submitted","sessionId":1,"publicSessionId":"sess_d63387d003c8","publicUserId":"user_932f689fd9a0","questionId":866,"selectedOptionId":3155,"correctOptionId":3155,"isCorrect":true,"thetaBefore":0.6320801109939304,"thetaAfter":0.7535437710337213,"cefrAfter":"B2","difficulty":0,"skill":"reading","type":"multiple_choice"}
{"timestamp":"2026-05-19T10:45:51.254Z","event":"next_question","sessionId":1,"answeredCount":11,"theta":0.7535437710337213,"cefr":"B2","questionId":867,"difficulty":0,"skill":"reading","type":"multiple_choice"}
{"timestamp":"2026-05-19T10:45:55.367Z","event":"answer_submitted","sessionId":1,"publicSessionId":"sess_d63387d003c8","publicUserId":"user_932f689fd9a0","questionId":867,"selectedOptionId":3159,"correctOptionId":3159,"isCorrect":true,"thetaBefore":0.7535437710337213,"thetaAfter":0.8655611386135663,"cefrAfter":"B2","difficulty":0,"skill":"reading","type":"multiple_choice"}
{"timestamp":"2026-05-19T10:45:56.673Z","event":"next_question","sessionId":1,"answeredCount":12,"theta":0.8655611386135663,"cefr":"B2","questionId":868,"difficulty":0,"skill":"reading","type":"multiple_choice"}
{"timestamp":"2026-05-19T10:46:00.151Z","event":"answer_submitted","sessionId":1,"publicSessionId":"sess_d63387d003c8","publicUserId":"user_932f689fd9a0","questionId":868,"selectedOptionId":3162,"correctOptionId":3160,"isCorrect":false,"thetaBefore":0.8655611386135663,"thetaAfter":0.6192237100045263,"cefrAfter":"B2","difficulty":0,"skill":"reading","type":"multiple_choice"}
{"timestamp":"2026-05-19T10:46:01.455Z","event":"next_question","sessionId":1,"answeredCount":13,"theta":0.6192237100045263,"cefr":"B2","questionId":869,"difficulty":0,"skill":"reading","type":"multiple_choice"}
{"timestamp":"2026-05-19T10:46:08.505Z","event":"answer_submitted","sessionId":1,"publicSessionId":"sess_d63387d003c8","publicUserId":"user_932f689fd9a0","questionId":869,"selectedOptionId":3164,"correctOptionId":3164,"isCorrect":true,"thetaBefore":0.6192237100045263,"thetaAfter":0.741709019471367,"cefrAfter":"B2","difficulty":0,"skill":"reading","type":"multiple_choice"}
{"timestamp":"2026-05-19T10:46:09.814Z","event":"next_question","sessionId":1,"answeredCount":14,"theta":0.741709019471367,"cefr":"B2","questionId":870,"difficulty":0,"skill":"reading","type":"multiple_choice"}
{"timestamp":"2026-05-19T10:46:15.025Z","event":"answer_submitted","sessionId":1,"publicSessionId":"sess_d63387d003c8","publicUserId":"user_932f689fd9a0","questionId":870,"selectedOptionId":3166,"correctOptionId":3166,"isCorrect":true,"thetaBefore":0.741709019471367,"thetaAfter":0.8546297089471652,"cefrAfter":"B2","difficulty":0,"skill":"reading","type":"multiple_choice"}
{"timestamp":"2026-05-19T10:46:16.329Z","event":"next_question","sessionId":1,"answeredCount":15,"theta":0.8546297089471652,"cefr":"B2","questionId":871,"difficulty":0,"skill":"listening","type":"multiple_choice"}
{"timestamp":"2026-05-19T13:11:20.285Z","event":"next_question","sessionId":1,"answeredCount":15,"theta":0.8546297089471652,"cefr":"B2","questionId":871,"difficulty":0,"skill":"listening","type":"multiple_choice"}
{"timestamp":"2026-05-19T13:11:26.331Z","event":"answer_submitted","sessionId":1,"publicSessionId":"sess_d63387d003c8","publicUserId":"user_932f689fd9a0","questionId":871,"selectedOptionId":3169,"correctOptionId":3169,"isCorrect":true,"thetaBefore":0.8546297089471652,"thetaAfter":0.959091609541183,"cefrAfter":"B2","difficulty":0,"skill":"listening","type":"multiple_choice"}
{"timestamp":"2026-05-19T13:11:27.763Z","event":"next_question","sessionId":1,"answeredCount":16,"theta":0.959091609541183,"cefr":"B2","questionId":872,"difficulty":0,"skill":"listening","type":"multiple_choice"}
{"timestamp":"2026-05-19T13:11:34.502Z","event":"answer_submitted","sessionId":1,"publicSessionId":"sess_d63387d003c8","publicUserId":"user_932f689fd9a0","questionId":872,"selectedOptionId":3173,"correctOptionId":3173,"isCorrect":true,"thetaBefore":0.959091609541183,"thetaAfter":1.0560626468641332,"cefrAfter":"B2","difficulty":0,"skill":"listening","type":"multiple_choice"}
{"timestamp":"2026-05-19T13:11:36.126Z","event":"next_question","sessionId":1,"answeredCount":17,"theta":1.0560626468641332,"cefr":"B2","questionId":873,"difficulty":0,"skill":"listening","type":"multiple_choice"}
{"timestamp":"2026-05-19T13:11:42.363Z","event":"answer_submitted","sessionId":1,"publicSessionId":"sess_d63387d003c8","publicUserId":"user_932f689fd9a0","questionId":873,"selectedOptionId":3175,"correctOptionId":3175,"isCorrect":true,"thetaBefore":1.0560626468641332,"thetaAfter":1.1463845592108086,"cefrAfter":"B2","difficulty":0,"skill":"listening","type":"multiple_choice"}
{"timestamp":"2026-05-19T13:11:43.757Z","event":"next_question","sessionId":1,"answeredCount":18,"theta":1.1463845592108086,"cefr":"B2","questionId":874,"difficulty":0,"skill":"listening","type":"multiple_choice"}
{"timestamp":"2026-05-19T13:11:48.327Z","event":"answer_submitted","sessionId":1,"publicSessionId":"sess_d63387d003c8","publicUserId":"user_932f689fd9a0","questionId":874,"selectedOptionId":3179,"correctOptionId":3179,"isCorrect":true,"thetaBefore":1.1463845592108086,"thetaAfter":1.2307870863470398,"cefrAfter":"B2","difficulty":0,"skill":"listening","type":"multiple_choice"}
{"timestamp":"2026-05-19T13:11:49.695Z","event":"next_question","sessionId":1,"answeredCount":19,"theta":1.2307870863470398,"cefr":"B2","questionId":875,"difficulty":0,"skill":"listening","type":"multiple_choice"}
{"timestamp":"2026-05-19T13:11:55.471Z","event":"answer_submitted","sessionId":1,"publicSessionId":"sess_d63387d003c8","publicUserId":"user_932f689fd9a0","questionId":875,"selectedOptionId":3182,"correctOptionId":3182,"isCorrect":true,"thetaBefore":1.2307870863470398,"thetaAfter":1.309902380262532,"cefrAfter":"B2","difficulty":0,"skill":"listening","type":"multiple_choice"}
{"timestamp":"2026-05-19T13:11:56.857Z","event":"next_question","sessionId":1,"answeredCount":20,"theta":1.309902380262532,"cefr":"B2","questionId":876,"difficulty":0,"skill":"listening","type":"multiple_choice"}
{"timestamp":"2026-05-19T13:12:02.690Z","event":"answer_submitted","sessionId":1,"publicSessionId":"sess_d63387d003c8","publicUserId":"user_932f689fd9a0","questionId":876,"selectedOptionId":3184,"correctOptionId":3184,"isCorrect":true,"thetaBefore":1.309902380262532,"thetaAfter":1.3842784932259533,"cefrAfter":"B2","difficulty":0,"skill":"listening","type":"multiple_choice"}
{"timestamp":"2026-05-19T13:12:04.049Z","event":"next_question","sessionId":1,"answeredCount":21,"theta":1.3842784932259533,"cefr":"B2","questionId":877,"difficulty":0,"skill":"listening","type":"multiple_choice"}
{"timestamp":"2026-05-19T13:12:12.473Z","event":"next_question","sessionId":1,"answeredCount":21,"theta":1.3842784932259533,"cefr":"B2","questionId":877,"difficulty":0,"skill":"listening","type":"multiple_choice"}
{"timestamp":"2026-05-19T13:13:47.372Z","event":"next_question","sessionId":1,"answeredCount":21,"theta":1.3842784932259533,"cefr":"B2","questionId":877,"difficulty":0,"skill":"listening","type":"multiple_choice"}
{"timestamp":"2026-05-19T13:14:06.734Z","event":"answer_submitted","sessionId":1,"publicSessionId":"sess_d63387d003c8","publicUserId":"user_932f689fd9a0","questionId":877,"selectedOptionId":3189,"correctOptionId":3189,"isCorrect":true,"thetaBefore":1.3842784932259533,"thetaAfter":1.4543914501016033,"cefrAfter":"B2","difficulty":0,"skill":"listening","type":"multiple_choice"}
{"timestamp":"2026-05-19T13:14:08.291Z","event":"next_question","sessionId":1,"answeredCount":22,"theta":1.4543914501016033,"cefr":"B2","questionId":878,"difficulty":0,"skill":"listening","type":"multiple_choice"}
{"timestamp":"2026-05-19T13:14:16.228Z","event":"answer_submitted","sessionId":1,"publicSessionId":"sess_d63387d003c8","publicUserId":"user_932f689fd9a0","questionId":878,"selectedOptionId":3191,"correctOptionId":3191,"isCorrect":true,"thetaBefore":1.4543914501016033,"thetaAfter":1.5206557732177015,"cefrAfter":"C1","difficulty":0,"skill":"listening","type":"multiple_choice"}
{"timestamp":"2026-05-19T13:14:17.623Z","event":"next_question","sessionId":1,"answeredCount":23,"theta":1.5206557732177015,"cefr":"C1","questionId":879,"difficulty":0,"skill":"listening","type":"multiple_choice"}
{"timestamp":"2026-05-19T13:14:22.486Z","event":"answer_submitted","sessionId":1,"publicSessionId":"sess_d63387d003c8","publicUserId":"user_932f689fd9a0","questionId":879,"selectedOptionId":3195,"correctOptionId":3195,"isCorrect":true,"thetaBefore":1.5206557732177015,"thetaAfter":1.5834335140356217,"cefrAfter":"C1","difficulty":0,"skill":"listening","type":"multiple_choice"}
{"timestamp":"2026-05-19T13:14:23.865Z","event":"next_question","sessionId":1,"answeredCount":24,"theta":1.5834335140356217,"cefr":"C1","questionId":880,"difficulty":0,"skill":"listening","type":"multiple_choice"}
{"timestamp":"2026-05-19T13:19:35.471Z","event":"next_question","sessionId":1,"answeredCount":24,"theta":1.5834335140356217,"cefr":"C1","questionId":1088,"difficulty":0,"skill":"reading","type":"multiple_choice"}
{"timestamp":"2026-05-19T13:22:23.055Z","event":"next_question","sessionId":1,"answeredCount":24,"theta":1.5834335140356217,"cefr":"C1","questionId":1502,"difficulty":0,"skill":"grammar","type":"multiple_choice"}
{"timestamp":"2026-05-19T13:22:36.539Z","event":"answer_submitted","sessionId":1,"publicSessionId":"sess_d63387d003c8","publicUserId":"user_932f689fd9a0","questionId":1502,"selectedOptionId":5193,"correctOptionId":5192,"isCorrect":false,"thetaBefore":1.5834335140356217,"thetaAfter":1.2930419308082681,"cefrAfter":"B2","difficulty":0,"skill":"grammar","type":"multiple_choice"}
{"timestamp":"2026-05-19T13:22:38.159Z","event":"next_question","sessionId":1,"answeredCount":25,"theta":1.2930419308082681,"cefr":"B2","questionId":1079,"difficulty":0,"skill":"listening","type":"multiple_choice"}
{"timestamp":"2026-05-19T13:23:08.739Z","event":"answer_submitted","sessionId":1,"publicSessionId":"sess_d63387d003c8","publicUserId":"user_932f689fd9a0","questionId":1079,"selectedOptionId":3799,"correctOptionId":3799,"isCorrect":true,"thetaBefore":1.2930419308082681,"thetaAfter":1.3684103629415911,"cefrAfter":"B2","difficulty":0,"skill":"listening","type":"multiple_choice"}
{"timestamp":"2026-05-19T13:23:10.258Z","event":"next_question","sessionId":1,"answeredCount":26,"theta":1.3684103629415911,"cefr":"B2","questionId":1730,"difficulty":0,"skill":"listening","type":"multiple_choice"}
{"timestamp":"2026-05-19T13:23:25.373Z","event":"answer_submitted","sessionId":1,"publicSessionId":"sess_d63387d003c8","publicUserId":"user_932f689fd9a0","questionId":1730,"selectedOptionId":5953,"correctOptionId":5953,"isCorrect":true,"thetaBefore":1.3684103629415911,"thetaAfter":1.4394172421108202,"cefrAfter":"B2","difficulty":0,"skill":"listening","type":"multiple_choice"}
{"timestamp":"2026-05-19T13:23:26.876Z","event":"next_question","sessionId":1,"answeredCount":27,"theta":1.4394172421108202,"cefr":"B2","questionId":1513,"difficulty":0,"skill":"grammar","type":"multiple_choice"}
{"timestamp":"2026-05-19T13:23:37.782Z","event":"answer_submitted","sessionId":1,"publicSessionId":"sess_d63387d003c8","publicUserId":"user_932f689fd9a0","questionId":1513,"selectedOptionId":5233,"correctOptionId":5233,"isCorrect":true,"thetaBefore":1.4394172421108202,"thetaAfter":1.5064897049740495,"cefrAfter":"C1","difficulty":0,"skill":"grammar","type":"multiple_choice"}
{"timestamp":"2026-05-19T13:23:39.274Z","event":"next_question","sessionId":1,"answeredCount":28,"theta":1.5064897049740495,"cefr":"C1","questionId":1485,"difficulty":0,"skill":"listening","type":"multiple_choice"}
{"timestamp":"2026-05-19T13:23:50.554Z","event":"answer_submitted","sessionId":1,"publicSessionId":"sess_d63387d003c8","publicUserId":"user_932f689fd9a0","questionId":1485,"selectedOptionId":5124,"correctOptionId":5124,"isCorrect":true,"thetaBefore":1.5064897049740495,"thetaAfter":1.570000565483791,"cefrAfter":"C1","difficulty":0,"skill":"listening","type":"multiple_choice"}
{"timestamp":"2026-05-19T13:23:52.061Z","event":"next_question","sessionId":1,"answeredCount":29,"theta":1.570000565483791,"cefr":"C1","questionId":1010,"difficulty":0,"skill":"grammar","type":"multiple_choice"}
{"timestamp":"2026-05-19T13:24:55.015Z","event":"next_question","sessionId":1,"answeredCount":29,"theta":1.570000565483791,"cefr":"C1","questionId":1435,"difficulty":0,"skill":"listening","type":"multiple_choice"}
{"timestamp":"2026-05-19T13:25:12.891Z","event":"next_question","sessionId":1,"answeredCount":29,"theta":1.570000565483791,"cefr":"C1","questionId":1447,"difficulty":0,"skill":"reading","type":"multiple_choice"}
{"timestamp":"2026-05-19T13:25:16.445Z","event":"answer_submitted","sessionId":1,"publicSessionId":"sess_d63387d003c8","publicUserId":"user_932f689fd9a0","questionId":1447,"selectedOptionId":4997,"correctOptionId":4997,"isCorrect":true,"thetaBefore":1.570000565483791,"thetaAfter":1.6302762743756887,"cefrAfter":"C1","difficulty":0,"skill":"reading","type":"multiple_choice"}
{"timestamp":"2026-05-19T13:25:18.074Z","event":"next_question","sessionId":1,"answeredCount":30,"theta":1.6302762743756887,"cefr":"C1","questionId":1008,"difficulty":0,"skill":"grammar","type":"multiple_choice"}
{"timestamp":"2026-05-19T13:25:21.404Z","event":"answer_submitted","sessionId":1,"publicSessionId":"sess_d63387d003c8","publicUserId":"user_932f689fd9a0","questionId":1008,"selectedOptionId":3561,"correctOptionId":3561,"isCorrect":true,"thetaBefore":1.6302762743756887,"thetaAfter":1.6876036556472567,"cefrAfter":"C1","difficulty":0,"skill":"grammar","type":"multiple_choice"}
{"timestamp":"2026-05-19T13:25:22.815Z","event":"next_question","sessionId":1,"answeredCount":31,"theta":1.6876036556472567,"cefr":"C1","questionId":1039,"difficulty":0,"skill":"reading","type":"multiple_choice"}
{"timestamp":"2026-05-19T13:25:25.948Z","event":"answer_submitted","sessionId":1,"publicSessionId":"sess_d63387d003c8","publicUserId":"user_932f689fd9a0","questionId":1039,"selectedOptionId":3663,"correctOptionId":3665,"isCorrect":false,"thetaBefore":1.6876036556472567,"thetaAfter":1.3922355906046624,"cefrAfter":"B2","difficulty":0,"skill":"reading","type":"multiple_choice"}
{"timestamp":"2026-05-19T13:25:27.398Z","event":"next_question","sessionId":1,"answeredCount":32,"theta":1.3922355906046624,"cefr":"B2","questionId":1632,"difficulty":0,"skill":"reading","type":"multiple_choice"}
{"timestamp":"2026-05-19T13:25:29.955Z","event":"answer_submitted","sessionId":1,"publicSessionId":"sess_d63387d003c8","publicUserId":"user_932f689fd9a0","questionId":1632,"selectedOptionId":5647,"correctOptionId":5645,"isCorrect":false,"thetaBefore":1.3922355906046624,"thetaAfter":1.1119034746835104,"cefrAfter":"B2","difficulty":0,"skill":"reading","type":"multiple_choice"}
{"timestamp":"2026-05-19T13:25:31.159Z","event":"next_question","sessionId":1,"answeredCount":33,"theta":1.1119034746835104,"cefr":"B2","questionId":1828,"difficulty":0,"skill":"grammar","type":"multiple_choice"}
{"timestamp":"2026-05-19T13:25:33.696Z","event":"answer_submitted","sessionId":1,"publicSessionId":"sess_d63387d003c8","publicUserId":"user_932f689fd9a0","questionId":1828,"selectedOptionId":6241,"correctOptionId":6240,"isCorrect":false,"thetaBefore":1.1119034746835104,"thetaAfter":0.8485341420144743,"cefrAfter":"B2","difficulty":0,"skill":"grammar","type":"multiple_choice"}
{"timestamp":"2026-05-19T13:25:34.774Z","event":"next_question","sessionId":1,"answeredCount":34,"theta":0.8485341420144743,"cefr":"B2","questionId":1778,"difficulty":0,"skill":"listening","type":"multiple_choice"}
{"timestamp":"2026-05-19T13:25:44.531Z","event":"answer_submitted","sessionId":1,"publicSessionId":"sess_d63387d003c8","publicUserId":"user_932f689fd9a0","questionId":1778,"selectedOptionId":6092,"correctOptionId":6092,"isCorrect":true,"thetaBefore":0.8485341420144743,"thetaAfter":0.9534432977882499,"cefrAfter":"B2","difficulty":0,"skill":"listening","type":"multiple_choice"}
{"timestamp":"2026-05-19T13:25:45.134Z","event":"test_finished","sessionId":1,"stopReason":"Maximum question limit reached","answeredCount":35,"correctCount":28,"theta":0.9534432977882499,"cefr":"B2","sem":0.377209302366855,"ci95":{"lower":0.21411306514921402,"upper":1.6927735304272857}}
{"timestamp":"2026-05-19T13:26:55.184Z","event":"session_reset","sessionId":1}
{"timestamp":"2026-05-19T13:27:01.394Z","event":"next_question","sessionId":1,"answeredCount":0,"theta":0,"cefr":"B1","questionId":1719,"difficulty":0,"skill":"reading","type":"multiple_choice"}
{"timestamp":"2026-05-19T13:28:57.924Z","event":"next_question","sessionId":1,"answeredCount":0,"theta":0,"cefr":"B1","questionId":2037,"difficulty":0,"skill":"reading","type":"multiple_choice"}
{"timestamp":"2026-05-19T13:29:08.883Z","event":"next_question","sessionId":1,"answeredCount":0,"theta":0,"cefr":"B1","questionId":2034,"difficulty":0,"skill":"reading","type":"multiple_choice"}
{"timestamp":"2026-05-19T13:34:59.867Z","event":"next_question","sessionId":1,"answeredCount":0,"theta":0,"cefr":"B1","questionId":1873,"difficulty":0,"skill":"grammar","type":"multiple_choice"}
{"timestamp":"2026-05-19T13:35:19.162Z","event":"answer_submitted","sessionId":1,"publicSessionId":"sess_d63387d003c8","publicUserId":"user_932f689fd9a0","questionId":1873,"selectedOptionId":6393,"correctOptionId":6393,"isCorrect":true,"thetaBefore":0,"thetaAfter":0.175,"cefrAfter":"B1","difficulty":0,"skill":"grammar","type":"multiple_choice"}
{"timestamp":"2026-05-19T13:35:22.871Z","event":"next_question","sessionId":1,"answeredCount":1,"theta":0.175,"cefr":"B1","questionId":1173,"difficulty":0,"skill":"reading","type":"multiple_choice"}
{"timestamp":"2026-05-19T13:35:29.078Z","event":"answer_submitted","sessionId":1,"publicSessionId":"sess_d63387d003c8","publicUserId":"user_932f689fd9a0","questionId":1173,"selectedOptionId":4136,"correctOptionId":4136,"isCorrect":true,"thetaBefore":0.175,"thetaAfter":0.3347264594670224,"cefrAfter":"B1","difficulty":0,"skill":"reading","type":"multiple_choice"}
{"timestamp":"2026-05-19T13:35:32.819Z","event":"next_question","sessionId":1,"answeredCount":2,"theta":0.3347264594670224,"cefr":"B1","questionId":1185,"difficulty":0,"skill":"reading","type":"multiple_choice"}
